> Task :checkKotlinGradlePluginConfigurationErrors
> Task :processResources NO-SOURCE
> Task :processTestResources NO-SOURCE

> Task :compileKotlin
w: file:///app/src/main/kotlin/com/hereliesaz/reverselookupapi/CyberBackgroundChecksService.kt:35:40 'implicitlyWait(Long, TimeUnit!): WebDriver.Timeouts!' is deprecated. Deprecated in Java
w: file:///app/src/main/kotlin/com/hereliesaz/reverselookupapi/SmartBackgroundChecksService.kt:33:40 'implicitlyWait(Long, TimeUnit!): WebDriver.Timeouts!' is deprecated. Deprecated in Java

> Task :compileJava NO-SOURCE
> Task :classes UP-TO-DATE
> Task :jar
> Task :startScripts
> Task :distTar
> Task :distZip
> Task :shadowJar
> Task :startShadowScripts
> Task :shadowDistTar
> Task :shadowDistZip
> Task :assemble
> Task :compileTestKotlin NO-SOURCE
> Task :compileTestJava NO-SOURCE
> Task :testClasses UP-TO-DATE
> Task :test NO-SOURCE
> Task :check UP-TO-DATE
> Task :build

Deprecated Gradle features were used in this build, making it incompatible with Gradle 9.0.

You can use '--warning-mode all' to show the individual deprecation warnings and determine if they come from your own scripts or plugins.

For more on this, please refer to https://docs.gradle.org/8.8/userguide/command_line_interface.html#sec:command_line_warnings in the Gradle documentation.

BUILD SUCCESSFUL in 28s
10 actionable tasks: 10 executed
